2024-12-08 16:27:07,115 - INFO - Starting data preprocessing...
2024-12-08 16:27:07,115 - INFO - Loaded data files: ['get_all.csv', 'inspire.csv', 'liked.csv', 'rating.csv', 'view.csv']
2024-12-08 16:27:07,116 - INFO - Reading and normalizing data from C:\Users\Debasish Das\Desktop\Internship Project\Hybrid_rccomendation_System\data\raw\get_all.csv...
2024-12-08 16:27:07,524 - INFO - Normalization successful for column 'users'.
2024-12-08 16:27:07,530 - INFO - Reading and normalizing data from C:\Users\Debasish Das\Desktop\Internship Project\Hybrid_rccomendation_System\data\raw\inspire.csv...
2024-12-08 16:27:07,575 - INFO - Normalization successful for column 'posts'.
2024-12-08 16:27:07,577 - INFO - Reading and normalizing data from C:\Users\Debasish Das\Desktop\Internship Project\Hybrid_rccomendation_System\data\raw\liked.csv...
2024-12-08 16:27:07,645 - INFO - Normalization successful for column 'posts'.
2024-12-08 16:27:07,648 - INFO - Reading and normalizing data from C:\Users\Debasish Das\Desktop\Internship Project\Hybrid_rccomendation_System\data\raw\rating.csv...
2024-12-08 16:27:07,787 - INFO - Normalization successful for column 'posts'.
2024-12-08 16:27:07,790 - INFO - Reading and normalizing data from C:\Users\Debasish Das\Desktop\Internship Project\Hybrid_rccomendation_System\data\raw\view.csv...
2024-12-08 16:27:07,939 - INFO - Normalization successful for column 'posts'.
2024-12-08 16:27:07,942 - INFO - Dropping unused columns...
2024-12-08 16:27:07,944 - INFO - Unused columns dropped successfully.
2024-12-08 16:27:07,944 - INFO - Dropping unused columns...
2024-12-08 16:27:07,945 - INFO - Unused columns dropped successfully.
2024-12-08 16:27:07,945 - INFO - Dropping unused columns...
2024-12-08 16:27:07,946 - INFO - Unused columns dropped successfully.
2024-12-08 16:27:07,946 - INFO - Dropping unused columns...
2024-12-08 16:27:07,947 - INFO - Unused columns dropped successfully.
2024-12-08 16:27:07,948 - INFO - Dropping unused columns...
2024-12-08 16:27:07,948 - INFO - Unused columns dropped successfully.
2024-12-08 16:27:08,022 - INFO - Saving DataFrame to data/preprocessed/merged_data.csv...
2024-12-08 16:27:08,026 - ERROR - Error saving DataFrame to data/preprocessed/merged_data.csv: Cannot save file into a non-existent directory: 'data\preprocessed'
2024-12-08 16:27:08,026 - INFO - Data preprocessing completed successfully.
2024-12-08 16:27:45,970 - INFO - Starting data preprocessing...
2024-12-08 16:27:45,971 - INFO - Loaded data files: ['get_all.csv', 'inspire.csv', 'liked.csv', 'rating.csv', 'view.csv']
2024-12-08 16:27:45,971 - INFO - Reading and normalizing data from C:\Users\Debasish Das\Desktop\Internship Project\Hybrid_rccomendation_System\data\raw\get_all.csv...
2024-12-08 16:27:46,347 - INFO - Normalization successful for column 'users'.
2024-12-08 16:27:46,352 - INFO - Reading and normalizing data from C:\Users\Debasish Das\Desktop\Internship Project\Hybrid_rccomendation_System\data\raw\inspire.csv...
2024-12-08 16:27:46,373 - INFO - Normalization successful for column 'posts'.
2024-12-08 16:27:46,375 - INFO - Reading and normalizing data from C:\Users\Debasish Das\Desktop\Internship Project\Hybrid_rccomendation_System\data\raw\liked.csv...
2024-12-08 16:27:46,418 - INFO - Normalization successful for column 'posts'.
2024-12-08 16:27:46,419 - INFO - Reading and normalizing data from C:\Users\Debasish Das\Desktop\Internship Project\Hybrid_rccomendation_System\data\raw\rating.csv...
2024-12-08 16:27:46,541 - INFO - Normalization successful for column 'posts'.
2024-12-08 16:27:46,543 - INFO - Reading and normalizing data from C:\Users\Debasish Das\Desktop\Internship Project\Hybrid_rccomendation_System\data\raw\view.csv...
2024-12-08 16:27:46,669 - INFO - Normalization successful for column 'posts'.
2024-12-08 16:27:46,672 - INFO - Dropping unused columns...
2024-12-08 16:27:46,673 - INFO - Unused columns dropped successfully.
2024-12-08 16:27:46,673 - INFO - Dropping unused columns...
2024-12-08 16:27:46,675 - INFO - Unused columns dropped successfully.
2024-12-08 16:27:46,676 - INFO - Dropping unused columns...
2024-12-08 16:27:46,677 - INFO - Unused columns dropped successfully.
2024-12-08 16:27:46,677 - INFO - Dropping unused columns...
2024-12-08 16:27:46,678 - INFO - Unused columns dropped successfully.
2024-12-08 16:27:46,678 - INFO - Dropping unused columns...
2024-12-08 16:27:46,679 - INFO - Unused columns dropped successfully.
2024-12-08 16:27:46,756 - INFO - Saving DataFrame to data\prepocessed\merged_data.csv...
2024-12-08 16:27:46,769 - INFO - DataFrame saved successfully to data\prepocessed\merged_data.csv.
2024-12-08 16:27:46,769 - INFO - Data preprocessing completed successfully.
